2025-02-05 17:53:42,217 - INFO - Пытаемся подключиться  к серверу example.com : 8080
2025-02-05 17:53:57,624 - INFO - Пытаемся подключиться  к серверу example.com : 8080
2025-02-05 17:55:01,293 - INFO - Пытаемся подключиться  к серверу example.com : 8080
2025-02-05 17:56:59,437 - INFO - Пытаемся подключиться  к серверу example.com : 8080
2025-02-05 17:57:37,610 - INFO - Пытаемся подключиться к серверу example.com:8080
2025-02-05 21:53:51,448 - INFO - Пытаемся подключиться к серверу example.com:8080
2025-02-05 21:53:56,845 - ERROR - Error: Время ожидания соединения истекло. 
Решение: Проверьте,запущен ли сервер. Попробуйте увеличить таймаут или проверте интернет-соединение
2025-02-05 21:54:01,706 - INFO - Пытаемся подключиться к серверу example.com:8080
2025-02-05 21:54:06,729 - ERROR - Error: Время ожидания соединения истекло. 
Решение: Проверьте,запущен ли сервер. Попробуйте увеличить таймаут или проверте интернет-соединение
2025-02-05 21:54:15,186 - INFO - Пытаемся подключиться к серверу example.com:8080
2025-02-05 21:54:20,197 - ERROR - Error: Время ожидания соединения истекло. 
Решение: Проверьте,запущен ли сервер. Попробуйте увеличить таймаут или проверте интернет-соединение
2025-02-05 21:57:03,553 - INFO - Пытаемся подключиться к серверу example.com:8080
2025-02-05 21:57:08,598 - ERROR - Error: Время ожидания соединения истекло. 
Решение: Проверьте,запущен ли сервер. Попробуйте увеличить таймаут или проверте интернет-соединение
2025-02-05 21:58:20,289 - INFO - Пытаемся подключиться к серверу example.com:8080
2025-02-05 21:58:29,203 - INFO - Пытаемся подключиться к серверу example.com:8080
2025-02-05 21:58:34,218 - ERROR - Error: Время ожидания соединения истекло. 
Решение: Проверьте,запущен ли сервер. Попробуйте увеличить таймаут или проверте интернет-соединение
2025-02-05 22:06:15,658 - INFO - Запуск программы...
2025-02-05 22:06:15,661 - INFO - Пытаемся подключиться к серверу 127.0.0.1:5000
2025-02-05 22:06:17,715 - ERROR - Ошибка: Сервер отклогнил соединение. 
Решение: Проверьте, работает ли сервер и слушает ли он нужный порт
2025-02-05 22:08:34,138 - INFO - Тестовое сообщение: логгер работает!
2025-02-05 22:08:34,141 - INFO - Пытаемся подключиться к серверу 127.0.0.1:5000
2025-02-05 22:08:36,204 - ERROR - Ошибка: Сервер отклогнил соединение. 
Решение: Проверьте, работает ли сервер и слушает ли он нужный порт
